[debug] [2024-09-17T16:06:57.761Z] ----------------------------------------------------------------------
[debug] [2024-09-17T16:06:57.764Z] Command:       C:\Program Files\nodejs\node.exe C:\Users\Usuario\AppData\Roaming\npm\node_modules\firebase-tools\lib\bin\firebase.js deploy --only functions:reviewDateCredits
[debug] [2024-09-17T16:06:57.765Z] CLI Version:   13.13.1
[debug] [2024-09-17T16:06:57.765Z] Platform:      win32
[debug] [2024-09-17T16:06:57.765Z] Node Version:  v18.16.0
[debug] [2024-09-17T16:06:57.766Z] Time:          Tue Sep 17 2024 11:06:57 GMT-0500 (hora estándar de Colombia)
[debug] [2024-09-17T16:06:57.767Z] ----------------------------------------------------------------------
[debug] 
[debug] [2024-09-17T16:06:57.888Z] > command requires scopes: ["email","openid","https://www.googleapis.com/auth/cloudplatformprojects.readonly","https://www.googleapis.com/auth/firebase","https://www.googleapis.com/auth/cloud-platform"]
[debug] [2024-09-17T16:06:57.889Z] > authorizing via signed-in user (crediexpresspop@gmail.com)
[debug] [2024-09-17T16:06:57.889Z] [iam] checking project crediexpresspopayan-12ca3 for permissions ["cloudfunctions.functions.create","cloudfunctions.functions.delete","cloudfunctions.functions.get","cloudfunctions.functions.list","cloudfunctions.functions.update","cloudfunctions.operations.get","firebase.projects.get"]
[debug] [2024-09-17T16:06:57.893Z] >>> [apiv2][query] POST https://cloudresourcemanager.googleapis.com/v1/projects/crediexpresspopayan-12ca3:testIamPermissions [none]
[debug] [2024-09-17T16:06:57.893Z] >>> [apiv2][(partial)header] POST https://cloudresourcemanager.googleapis.com/v1/projects/crediexpresspopayan-12ca3:testIamPermissions x-goog-quota-user=projects/crediexpresspopayan-12ca3
[debug] [2024-09-17T16:06:57.894Z] >>> [apiv2][body] POST https://cloudresourcemanager.googleapis.com/v1/projects/crediexpresspopayan-12ca3:testIamPermissions {"permissions":["cloudfunctions.functions.create","cloudfunctions.functions.delete","cloudfunctions.functions.get","cloudfunctions.functions.list","cloudfunctions.functions.update","cloudfunctions.operations.get","firebase.projects.get"]}
[debug] [2024-09-17T16:06:58.408Z] <<< [apiv2][status] POST https://cloudresourcemanager.googleapis.com/v1/projects/crediexpresspopayan-12ca3:testIamPermissions 200
[debug] [2024-09-17T16:06:58.408Z] <<< [apiv2][body] POST https://cloudresourcemanager.googleapis.com/v1/projects/crediexpresspopayan-12ca3:testIamPermissions {"permissions":["cloudfunctions.functions.create","cloudfunctions.functions.delete","cloudfunctions.functions.get","cloudfunctions.functions.list","cloudfunctions.functions.update","cloudfunctions.operations.get","firebase.projects.get"]}
[debug] [2024-09-17T16:06:58.409Z] >>> [apiv2][query] POST https://iam.googleapis.com/v1/projects/crediexpresspopayan-12ca3/serviceAccounts/crediexpresspopayan-12ca3@appspot.gserviceaccount.com:testIamPermissions [none]
[debug] [2024-09-17T16:06:58.409Z] >>> [apiv2][body] POST https://iam.googleapis.com/v1/projects/crediexpresspopayan-12ca3/serviceAccounts/crediexpresspopayan-12ca3@appspot.gserviceaccount.com:testIamPermissions {"permissions":["iam.serviceAccounts.actAs"]}
[debug] [2024-09-17T16:06:58.854Z] <<< [apiv2][status] POST https://iam.googleapis.com/v1/projects/crediexpresspopayan-12ca3/serviceAccounts/crediexpresspopayan-12ca3@appspot.gserviceaccount.com:testIamPermissions 200
[debug] [2024-09-17T16:06:58.854Z] <<< [apiv2][body] POST https://iam.googleapis.com/v1/projects/crediexpresspopayan-12ca3/serviceAccounts/crediexpresspopayan-12ca3@appspot.gserviceaccount.com:testIamPermissions {"permissions":["iam.serviceAccounts.actAs"]}
[info] 
[info] === Deploying to 'crediexpresspopayan-12ca3'...
[info] 
[info] i  deploying functions 
[info] +  functions: Finished running predeploy script. 
[debug] [2024-09-17T16:06:58.861Z] >>> [apiv2][query] GET https://firebase.googleapis.com/v1beta1/projects/crediexpresspopayan-12ca3 [none]
[debug] [2024-09-17T16:06:59.186Z] <<< [apiv2][status] GET https://firebase.googleapis.com/v1beta1/projects/crediexpresspopayan-12ca3 200
[debug] [2024-09-17T16:06:59.186Z] <<< [apiv2][body] GET https://firebase.googleapis.com/v1beta1/projects/crediexpresspopayan-12ca3 {"projectId":"crediexpresspopayan-12ca3","projectNumber":"96377561519","displayName":"CrediexpressPopayan","name":"projects/crediexpresspopayan-12ca3","resources":{"hostingSite":"crediexpresspopayan-12ca3","storageBucket":"crediexpresspopayan-12ca3.appspot.com","locationId":"us-central"},"state":"ACTIVE","etag":"1_8a960b5e-1fdb-480b-a08d-007ae7e2b758"}
[info] i  functions: preparing codebase default for deployment 
[info] i  functions: ensuring required API cloudfunctions.googleapis.com is enabled... 
[info] i  functions: ensuring required API cloudbuild.googleapis.com is enabled... 
[info] i  artifactregistry: ensuring required API artifactregistry.googleapis.com is enabled... 
[debug] [2024-09-17T16:06:59.191Z] >>> [apiv2][query] GET https://serviceusage.googleapis.com/v1/projects/crediexpresspopayan-12ca3/services/cloudfunctions.googleapis.com [none]
[debug] [2024-09-17T16:06:59.191Z] >>> [apiv2][(partial)header] GET https://serviceusage.googleapis.com/v1/projects/crediexpresspopayan-12ca3/services/cloudfunctions.googleapis.com x-goog-quota-user=projects/crediexpresspopayan-12ca3
[debug] [2024-09-17T16:06:59.193Z] >>> [apiv2][query] GET https://serviceusage.googleapis.com/v1/projects/crediexpresspopayan-12ca3/services/runtimeconfig.googleapis.com [none]
[debug] [2024-09-17T16:06:59.193Z] >>> [apiv2][(partial)header] GET https://serviceusage.googleapis.com/v1/projects/crediexpresspopayan-12ca3/services/runtimeconfig.googleapis.com x-goog-quota-user=projects/crediexpresspopayan-12ca3
[debug] [2024-09-17T16:06:59.194Z] >>> [apiv2][query] GET https://serviceusage.googleapis.com/v1/projects/crediexpresspopayan-12ca3/services/cloudbuild.googleapis.com [none]
[debug] [2024-09-17T16:06:59.194Z] >>> [apiv2][(partial)header] GET https://serviceusage.googleapis.com/v1/projects/crediexpresspopayan-12ca3/services/cloudbuild.googleapis.com x-goog-quota-user=projects/crediexpresspopayan-12ca3
[debug] [2024-09-17T16:06:59.195Z] >>> [apiv2][query] GET https://serviceusage.googleapis.com/v1/projects/crediexpresspopayan-12ca3/services/artifactregistry.googleapis.com [none]
[debug] [2024-09-17T16:06:59.196Z] >>> [apiv2][(partial)header] GET https://serviceusage.googleapis.com/v1/projects/crediexpresspopayan-12ca3/services/artifactregistry.googleapis.com x-goog-quota-user=projects/crediexpresspopayan-12ca3
[debug] [2024-09-17T16:06:59.837Z] <<< [apiv2][status] GET https://serviceusage.googleapis.com/v1/projects/crediexpresspopayan-12ca3/services/artifactregistry.googleapis.com 200
[debug] [2024-09-17T16:06:59.837Z] <<< [apiv2][body] GET https://serviceusage.googleapis.com/v1/projects/crediexpresspopayan-12ca3/services/artifactregistry.googleapis.com [omitted]
[info] +  artifactregistry: required API artifactregistry.googleapis.com is enabled 
[debug] [2024-09-17T16:06:59.855Z] <<< [apiv2][status] GET https://serviceusage.googleapis.com/v1/projects/crediexpresspopayan-12ca3/services/cloudbuild.googleapis.com 200
[debug] [2024-09-17T16:06:59.855Z] <<< [apiv2][body] GET https://serviceusage.googleapis.com/v1/projects/crediexpresspopayan-12ca3/services/cloudbuild.googleapis.com [omitted]
[info] +  functions: required API cloudbuild.googleapis.com is enabled 
[debug] [2024-09-17T16:06:59.870Z] <<< [apiv2][status] GET https://serviceusage.googleapis.com/v1/projects/crediexpresspopayan-12ca3/services/runtimeconfig.googleapis.com 200
[debug] [2024-09-17T16:06:59.870Z] <<< [apiv2][body] GET https://serviceusage.googleapis.com/v1/projects/crediexpresspopayan-12ca3/services/runtimeconfig.googleapis.com [omitted]
[debug] [2024-09-17T16:06:59.881Z] <<< [apiv2][status] GET https://serviceusage.googleapis.com/v1/projects/crediexpresspopayan-12ca3/services/cloudfunctions.googleapis.com 200
[debug] [2024-09-17T16:06:59.882Z] <<< [apiv2][body] GET https://serviceusage.googleapis.com/v1/projects/crediexpresspopayan-12ca3/services/cloudfunctions.googleapis.com [omitted]
[info] +  functions: required API cloudfunctions.googleapis.com is enabled 
[debug] [2024-09-17T16:06:59.883Z] >>> [apiv2][query] GET https://firebase.googleapis.com/v1beta1/projects/crediexpresspopayan-12ca3/adminSdkConfig [none]
[debug] [2024-09-17T16:07:00.323Z] <<< [apiv2][status] GET https://firebase.googleapis.com/v1beta1/projects/crediexpresspopayan-12ca3/adminSdkConfig 200
[debug] [2024-09-17T16:07:00.323Z] <<< [apiv2][body] GET https://firebase.googleapis.com/v1beta1/projects/crediexpresspopayan-12ca3/adminSdkConfig {"projectId":"crediexpresspopayan-12ca3","storageBucket":"crediexpresspopayan-12ca3.appspot.com","locationId":"us-central"}
[debug] [2024-09-17T16:07:00.324Z] >>> [apiv2][query] GET https://runtimeconfig.googleapis.com/v1beta1/projects/crediexpresspopayan-12ca3/configs [none]
[debug] [2024-09-17T16:07:00.568Z] <<< [apiv2][status] GET https://runtimeconfig.googleapis.com/v1beta1/projects/crediexpresspopayan-12ca3/configs 200
[debug] [2024-09-17T16:07:00.569Z] <<< [apiv2][body] GET https://runtimeconfig.googleapis.com/v1beta1/projects/crediexpresspopayan-12ca3/configs {}
[debug] [2024-09-17T16:07:00.571Z] Validating nodejs source
[warn] !  functions: package.json indicates an outdated version of firebase-functions. Please upgrade using npm install --save firebase-functions@latest in your functions directory. 
[warn] !  functions: Please note that there will be breaking changes when you upgrade. 
[debug] [2024-09-17T16:07:02.868Z] > [functions] package.json contents: {
  "name": "functions",
  "description": "Cloud Functions for Firebase",
  "scripts": {
    "lint": "eslint .",
    "serve": "firebase emulators:start --only functions",
    "shell": "firebase functions:shell",
    "start": "npm run shell",
    "deploy": "firebase deploy --only functions",
    "logs": "firebase functions:log"
  },
  "engines": {
    "node": "18"
  },
  "main": "index.js",
  "dependencies": {
    "firebase-admin": "^11.8.0",
    "firebase-functions": "^4.7.0",
    "point-in-polygon": "^1.1.0"
  },
  "devDependencies": {
    "eslint": "^8.15.0",
    "eslint-config-google": "^0.14.0",
    "firebase-functions-test": "^3.1.0"
  },
  "private": true
}
[debug] [2024-09-17T16:07:02.869Z] Building nodejs source
[info] i  functions: Loading and analyzing source code for codebase default to determine what to deploy 
[debug] [2024-09-17T16:07:02.872Z] Could not find functions.yaml. Must use http discovery
[debug] [2024-09-17T16:07:02.885Z] Found firebase-functions binary at 'C:\Users\Usuario\Firebase\2024 Crediexpress\functions\node_modules\.bin\firebase-functions'
[info] Serving at port 8605

[debug] [2024-09-17T16:07:04.294Z] Got response from /__/functions.yaml {"endpoints":{"todayDistributeTasks":{"availableMemoryMb":null,"timeoutSeconds":null,"minInstances":null,"maxInstances":null,"ingressSettings":null,"concurrency":null,"serviceAccountEmail":null,"vpc":null,"platform":"gcfv2","labels":{},"httpsTrigger":{},"entryPoint":"todayDistributeTasks"},"distributeTasks":{"availableMemoryMb":null,"timeoutSeconds":null,"minInstances":null,"maxInstances":null,"ingressSettings":null,"concurrency":null,"serviceAccountEmail":null,"vpc":null,"platform":"gcfv2","labels":{},"scheduleTrigger":{"schedule":"every day 23:30","retryConfig":{},"timeZone":"America/Bogota"},"entryPoint":"distributeTasks"},"reviewTasks":{"availableMemoryMb":null,"timeoutSeconds":null,"minInstances":null,"maxInstances":null,"ingressSettings":null,"concurrency":null,"serviceAccountEmail":null,"vpc":null,"platform":"gcfv2","labels":{},"scheduleTrigger":{"schedule":"every day 23:00","retryConfig":{},"timeZone":"America/Bogota"},"entryPoint":"reviewTasks"},"createPay":{"availableMemoryMb":null,"timeoutSeconds":null,"minInstances":null,"maxInstances":null,"ingressSettings":null,"concurrency":null,"serviceAccountEmail":null,"vpc":null,"platform":"gcfv2","labels":{},"eventTrigger":{"eventType":"google.cloud.firestore.document.v1.created","eventFilters":{"database":"(default)","namespace":"(default)"},"eventFilterPathPatterns":{"document":"payments/{idPay}"},"retry":false},"entryPoint":"createPay"},"deletePay":{"availableMemoryMb":null,"timeoutSeconds":null,"minInstances":null,"maxInstances":null,"ingressSettings":null,"concurrency":null,"serviceAccountEmail":null,"vpc":null,"platform":"gcfv2","labels":{},"eventTrigger":{"eventType":"google.cloud.firestore.document.v1.deleted","eventFilters":{"database":"(default)","namespace":"(default)"},"eventFilterPathPatterns":{"document":"payments/{idPay}"},"retry":false},"entryPoint":"deletePay"},"updatePayment":{"availableMemoryMb":null,"timeoutSeconds":null,"minInstances":null,"maxInstances":null,"ingressSettings":null,"concurrency":null,"serviceAccountEmail":null,"vpc":null,"platform":"gcfv2","labels":{},"eventTrigger":{"eventType":"google.cloud.firestore.document.v1.updated","eventFilters":{"database":"(default)","namespace":"(default)"},"eventFilterPathPatterns":{"document":"payments/{idPay}"},"retry":false},"entryPoint":"updatePayment"},"sendDataCredit":{"availableMemoryMb":null,"timeoutSeconds":null,"minInstances":null,"maxInstances":null,"ingressSettings":null,"concurrency":null,"serviceAccountEmail":null,"vpc":null,"platform":"gcfv2","labels":{},"httpsTrigger":{},"entryPoint":"sendDataCredit"},"reviewDateCredits":{"availableMemoryMb":null,"timeoutSeconds":null,"minInstances":null,"maxInstances":null,"ingressSettings":null,"concurrency":null,"serviceAccountEmail":null,"vpc":null,"platform":"gcfv2","labels":{},"httpsTrigger":{},"entryPoint":"reviewDateCredits"},"updateStateCredits":{"availableMemoryMb":null,"timeoutSeconds":null,"minInstances":null,"maxInstances":null,"ingressSettings":null,"concurrency":null,"serviceAccountEmail":null,"vpc":null,"platform":"gcfv2","labels":{},"scheduleTrigger":{"schedule":"every day 05:30","retryConfig":{},"timeZone":"America/Bogota"},"entryPoint":"updateStateCredits"},"updateActiveCreditsForAllCustomers":{"availableMemoryMb":null,"timeoutSeconds":null,"minInstances":null,"maxInstances":null,"ingressSettings":null,"concurrency":null,"serviceAccountEmail":null,"vpc":null,"platform":"gcfv2","labels":{},"scheduleTrigger":{"schedule":"every day 05:00","retryConfig":{},"timeZone":"America/Bogota"},"entryPoint":"updateActiveCreditsForAllCustomers"},"deleteCredits":{"availableMemoryMb":null,"timeoutSeconds":null,"minInstances":null,"maxInstances":null,"ingressSettings":null,"concurrency":null,"serviceAccountEmail":null,"vpc":null,"platform":"gcfv2","labels":{},"eventTrigger":{"eventType":"google.cloud.firestore.document.v1.deleted","eventFilters":{"database":"(default)","namespace":"(default)"},"eventFilterPathPatterns":{"document":"credits/{id}"},"retry":false},"entryPoint":"deleteCredits"},"restartCredits":{"availableMemoryMb":null,"timeoutSeconds":null,"minInstances":null,"maxInstances":null,"ingressSettings":null,"concurrency":null,"serviceAccountEmail":null,"vpc":null,"platform":"gcfv2","labels":{},"httpsTrigger":{},"entryPoint":"restartCredits"},"deleteTasksRepeters":{"availableMemoryMb":null,"timeoutSeconds":null,"minInstances":null,"maxInstances":null,"ingressSettings":null,"concurrency":null,"serviceAccountEmail":null,"vpc":null,"platform":"gcfv2","labels":{},"httpsTrigger":{},"entryPoint":"deleteTasksRepeters"},"createTasks":{"availableMemoryMb":null,"timeoutSeconds":null,"minInstances":null,"maxInstances":null,"ingressSettings":null,"concurrency":null,"serviceAccountEmail":null,"vpc":null,"platform":"gcfv2","labels":{},"httpsTrigger":{},"entryPoint":"createTasks"},"deletePendingTasks":{"availableMemoryMb":null,"timeoutSeconds":null,"minInstances":null,"maxInstances":null,"ingressSettings":null,"concurrency":null,"serviceAccountEmail":null,"vpc":null,"platform":"gcfv2","labels":{},"httpsTrigger":{},"entryPoint":"deletePendingTasks"},"updatedVisit":{"availableMemoryMb":null,"timeoutSeconds":null,"minInstances":null,"maxInstances":null,"ingressSettings":null,"concurrency":null,"serviceAccountEmail":null,"vpc":null,"platform":"gcfv2","labels":{},"eventTrigger":{"eventType":"google.cloud.firestore.document.v1.updated","eventFilters":{"database":"(default)","namespace":"(default)"},"eventFilterPathPatterns":{"document":"visits/{idVisit}"},"retry":false},"entryPoint":"updatedVisit"},"getZone":{"availableMemoryMb":null,"timeoutSeconds":null,"minInstances":null,"maxInstances":null,"ingressSettings":null,"concurrency":null,"serviceAccountEmail":null,"vpc":null,"platform":"gcfv2","labels":{},"eventTrigger":{"eventType":"google.cloud.firestore.document.v1.created","eventFilters":{"database":"(default)","namespace":"(default)"},"eventFilterPathPatterns":{"document":"customers/{id}"},"retry":false},"entryPoint":"getZone"},"updateZoneForCustomers":{"availableMemoryMb":null,"timeoutSeconds":null,"minInstances":null,"maxInstances":null,"ingressSettings":null,"concurrency":null,"serviceAccountEmail":null,"vpc":null,"platform":"gcfv2","labels":{},"httpsTrigger":{},"entryPoint":"updateZoneForCustomers"},"updateCustomer":{"availableMemoryMb":null,"timeoutSeconds":null,"minInstances":null,"maxInstances":null,"ingressSettings":null,"concurrency":null,"serviceAccountEmail":null,"vpc":null,"platform":"gcfv2","labels":{},"eventTrigger":{"eventType":"google.cloud.firestore.document.v1.updated","eventFilters":{"database":"(default)","namespace":"(default)"},"eventFilterPathPatterns":{"document":"customers/{id}"},"retry":false},"entryPoint":"updateCustomer"},"printCustomers":{"availableMemoryMb":null,"timeoutSeconds":null,"minInstances":null,"maxInstances":null,"ingressSettings":null,"concurrency":null,"serviceAccountEmail":null,"vpc":null,"platform":"gcfv2","labels":{},"httpsTrigger":{},"entryPoint":"printCustomers"},"updateZoneInCreditsAndTasks":{"availableMemoryMb":null,"timeoutSeconds":null,"minInstances":null,"maxInstances":null,"ingressSettings":null,"concurrency":null,"serviceAccountEmail":null,"vpc":null,"platform":"gcfv2","labels":{},"httpsTrigger":{},"entryPoint":"updateZoneInCreditsAndTasks"}},"specVersion":"v1alpha1","requiredAPIs":[{"api":"cloudscheduler.googleapis.com","reason":"Needed for scheduled functions."}]}
[error] node:internal/process/promises:288
            triggerUncaughtException(err, true /* fromPromise */);
            ^

Error: Could not load the default credentials. Browse to https://cloud.google.com/docs/authentication/getting-started for more information.
    at GoogleAuth.getApplicationDefaultAsync (C:\Users\Usuario\Firebase\2024 Crediexpress\functions\node_modules\google-auth-library\build\src\auth\googleauth.js:207:19)
    at process.processTicksAndRejections (node:internal/process/task_queues:95:5)
    at async GoogleAuth.getClient (C:\Users\Usuario\Firebase\2024 Crediexpress\functions\node_modules\google-auth-library\build\src\auth\googleauth.js:624:17)
    at async GrpcClient._getCredentials (C:\Users\Usuario\Firebase\2024 Crediexpress\functions\node_modules\google-gax\build\src\grpc.js:145:24)
    at async GrpcClient.createStub (C:\Users\Usuario\Firebase\2024 Crediexpress\functions\node_modules\google-gax\build\src\grpc.js:308:23)
Caused by: Error
    at CollectionReference._get (C:\Users\Usuario\Firebase\2024 Crediexpress\functions\node_modules\@google-cloud\firestore\build\src\reference.js:1738:23)
    at CollectionReference.get (C:\Users\Usuario\Firebase\2024 Crediexpress\functions\node_modules\@google-cloud\firestore\build\src\reference.js:1726:21)
    at C:\Users\Usuario\Firebase\2024 Crediexpress\functions\index.js:1902:14
    at new Promise (<anonymous>)
    at Object.<anonymous> (C:\Users\Usuario\Firebase\2024 Crediexpress\functions\index.js:1899:22)
    at Module._compile (node:internal/modules/cjs/loader:1254:14)
    at Module._extensions..js (node:internal/modules/cjs/loader:1308:10)
    at Module.load (node:internal/modules/cjs/loader:1117:32)
    at Module._load (node:internal/modules/cjs/loader:958:12)
    at Module.require (node:internal/modules/cjs/loader:1141:19)

Node.js v18.16.0

[info] i  functions: preparing functions directory for uploading... 
[info] i  functions: packaged C:\Users\Usuario\Firebase\2024 Crediexpress\functions (195.74 KB) for uploading 
[debug] [2024-09-17T16:07:13.539Z] >>> [apiv2][query] GET https://cloudfunctions.googleapis.com/v1/projects/crediexpresspopayan-12ca3/locations/-/functions [none]
[debug] [2024-09-17T16:07:14.272Z] <<< [apiv2][status] GET https://cloudfunctions.googleapis.com/v1/projects/crediexpresspopayan-12ca3/locations/-/functions 200
[debug] [2024-09-17T16:07:14.272Z] <<< [apiv2][body] GET https://cloudfunctions.googleapis.com/v1/projects/crediexpresspopayan-12ca3/locations/-/functions {}
[debug] [2024-09-17T16:07:14.275Z] >>> [apiv2][query] GET https://cloudfunctions.googleapis.com/v2/projects/crediexpresspopayan-12ca3/locations/-/functions filter=environment%3D%22GEN_2%22
